{"timestamp": "2025-12-04T09:26:52.737946Z", "level": "INFO", "logger": "app", "message": "Logging configured: level=INFO, logs_dir=c:\\Users\\erkar\\OneDrive\\Desktop\\MTC\\Project-root\\app\\logs, env=development", "module": "logging_config", "function": "setup_logging", "line": 143}
{"timestamp": "2025-12-04T09:26:52.744202Z", "level": "INFO", "logger": "app", "message": "Request ID middleware enabled", "module": "request_id", "function": "setup_request_id_middleware", "line": 45}
{"timestamp": "2025-12-04T09:26:52.814938Z", "level": "INFO", "logger": "app.services.subprocess_service", "message": "Subprocess cache cleared", "module": "subprocess_service", "function": "SubprocessService", "line": 40}
{"timestamp": "2025-12-04T09:26:53.590023Z", "level": "INFO", "logger": "app", "message": "Universal Process Framework API blueprints registered and CSRF exemptions applied where configured", "module": "__init__", "function": "create_app", "line": 440}
{"timestamp": "2025-12-04T09:26:53.828817Z", "level": "ERROR", "logger": "app", "message": "Database error: column \"id\" referenced in foreign key constraint does not exist\n", "module": "database", "function": "get_conn", "line": 183}
{"timestamp": "2025-12-04T09:27:55.256166Z", "level": "INFO", "logger": "app", "message": "Logging configured: level=INFO, logs_dir=c:\\Users\\erkar\\OneDrive\\Desktop\\MTC\\Project-root\\app\\logs, env=development", "module": "logging_config", "function": "setup_logging", "line": 143}
{"timestamp": "2025-12-04T09:27:55.260038Z", "level": "INFO", "logger": "app", "message": "Request ID middleware enabled", "module": "request_id", "function": "setup_request_id_middleware", "line": 45}
{"timestamp": "2025-12-04T09:27:55.297277Z", "level": "INFO", "logger": "app.services.subprocess_service", "message": "Subprocess cache cleared", "module": "subprocess_service", "function": "SubprocessService", "line": 40}
{"timestamp": "2025-12-04T09:27:55.604560Z", "level": "INFO", "logger": "app", "message": "Universal Process Framework API blueprints registered and CSRF exemptions applied where configured", "module": "__init__", "function": "create_app", "line": 440}
{"timestamp": "2025-12-04T09:28:15.804226Z", "level": "INFO", "logger": "app", "message": "Logging configured: level=INFO, logs_dir=c:\\Users\\erkar\\OneDrive\\Desktop\\MTC\\Project-root\\app\\logs, env=development", "module": "logging_config", "function": "setup_logging", "line": 143}
{"timestamp": "2025-12-04T09:28:15.807079Z", "level": "INFO", "logger": "app", "message": "Request ID middleware enabled", "module": "request_id", "function": "setup_request_id_middleware", "line": 45}
{"timestamp": "2025-12-04T09:28:15.841150Z", "level": "INFO", "logger": "app.services.subprocess_service", "message": "Subprocess cache cleared", "module": "subprocess_service", "function": "SubprocessService", "line": 40}
{"timestamp": "2025-12-04T09:28:16.169487Z", "level": "INFO", "logger": "app", "message": "Universal Process Framework API blueprints registered and CSRF exemptions applied where configured", "module": "__init__", "function": "create_app", "line": 440}
{"timestamp": "2025-12-04T09:28:50.231260Z", "level": "INFO", "logger": "app", "message": "Logging configured: level=INFO, logs_dir=c:\\Users\\erkar\\OneDrive\\Desktop\\MTC\\Project-root\\app\\logs, env=development", "module": "logging_config", "function": "setup_logging", "line": 143}
{"timestamp": "2025-12-04T09:28:50.235624Z", "level": "INFO", "logger": "app", "message": "Request ID middleware enabled", "module": "request_id", "function": "setup_request_id_middleware", "line": 45}
{"timestamp": "2025-12-04T09:28:50.274538Z", "level": "INFO", "logger": "app.services.subprocess_service", "message": "Subprocess cache cleared", "module": "subprocess_service", "function": "SubprocessService", "line": 40}
{"timestamp": "2025-12-04T09:28:50.615972Z", "level": "INFO", "logger": "app", "message": "Universal Process Framework API blueprints registered and CSRF exemptions applied where configured", "module": "__init__", "function": "create_app", "line": 440}
{"timestamp": "2025-12-04T09:28:50.703397Z", "level": "ERROR", "logger": "app", "message": "Database error: column \"id\" referenced in foreign key constraint does not exist\n", "module": "database", "function": "get_conn", "line": 183}
{"timestamp": "2025-12-04T09:29:05.030623Z", "level": "INFO", "logger": "app", "message": "Logging configured: level=INFO, logs_dir=c:\\Users\\erkar\\OneDrive\\Desktop\\MTC\\Project-root\\app\\logs, env=development", "module": "logging_config", "function": "setup_logging", "line": 143}
{"timestamp": "2025-12-04T09:29:05.034564Z", "level": "INFO", "logger": "app", "message": "Request ID middleware enabled", "module": "request_id", "function": "setup_request_id_middleware", "line": 45}
{"timestamp": "2025-12-04T09:29:05.068462Z", "level": "INFO", "logger": "app.services.subprocess_service", "message": "Subprocess cache cleared", "module": "subprocess_service", "function": "SubprocessService", "line": 40}
{"timestamp": "2025-12-04T09:29:05.385168Z", "level": "INFO", "logger": "app", "message": "Universal Process Framework API blueprints registered and CSRF exemptions applied where configured", "module": "__init__", "function": "create_app", "line": 440}
{"timestamp": "2025-12-04T09:29:26.387460Z", "level": "INFO", "logger": "app", "message": "Logging configured: level=INFO, logs_dir=c:\\Users\\erkar\\OneDrive\\Desktop\\MTC\\Project-root\\app\\logs, env=development", "module": "logging_config", "function": "setup_logging", "line": 143}
{"timestamp": "2025-12-04T09:29:26.392012Z", "level": "INFO", "logger": "app", "message": "Request ID middleware enabled", "module": "request_id", "function": "setup_request_id_middleware", "line": 45}
{"timestamp": "2025-12-04T09:29:26.427368Z", "level": "INFO", "logger": "app.services.subprocess_service", "message": "Subprocess cache cleared", "module": "subprocess_service", "function": "SubprocessService", "line": 40}
{"timestamp": "2025-12-04T09:29:26.744096Z", "level": "INFO", "logger": "app", "message": "Universal Process Framework API blueprints registered and CSRF exemptions applied where configured", "module": "__init__", "function": "create_app", "line": 440}
{"timestamp": "2025-12-04T09:29:26.795760Z", "level": "ERROR", "logger": "app", "message": "Database error: column \"id\" referenced in foreign key constraint does not exist\n", "module": "database", "function": "get_conn", "line": 183}
{"timestamp": "2025-12-04T09:29:46.678447Z", "level": "INFO", "logger": "app", "message": "Logging configured: level=INFO, logs_dir=c:\\Users\\erkar\\OneDrive\\Desktop\\MTC\\Project-root\\app\\logs, env=development", "module": "logging_config", "function": "setup_logging", "line": 143}
{"timestamp": "2025-12-04T09:29:46.682478Z", "level": "INFO", "logger": "app", "message": "Request ID middleware enabled", "module": "request_id", "function": "setup_request_id_middleware", "line": 45}
{"timestamp": "2025-12-04T09:29:46.718655Z", "level": "INFO", "logger": "app.services.subprocess_service", "message": "Subprocess cache cleared", "module": "subprocess_service", "function": "SubprocessService", "line": 40}
{"timestamp": "2025-12-04T09:29:47.056696Z", "level": "INFO", "logger": "app", "message": "Universal Process Framework API blueprints registered and CSRF exemptions applied where configured", "module": "__init__", "function": "create_app", "line": 440}
{"timestamp": "2025-12-04T09:29:47.107785Z", "level": "ERROR", "logger": "app", "message": "Database error: column \"id\" referenced in foreign key constraint does not exist\n", "module": "database", "function": "get_conn", "line": 183}
{"timestamp": "2025-12-04T09:30:00.474999Z", "level": "INFO", "logger": "app", "message": "Logging configured: level=INFO, logs_dir=c:\\Users\\erkar\\OneDrive\\Desktop\\MTC\\Project-root\\app\\logs, env=development", "module": "logging_config", "function": "setup_logging", "line": 143}
{"timestamp": "2025-12-04T09:30:00.478468Z", "level": "INFO", "logger": "app", "message": "Request ID middleware enabled", "module": "request_id", "function": "setup_request_id_middleware", "line": 45}
{"timestamp": "2025-12-04T09:30:00.511877Z", "level": "INFO", "logger": "app.services.subprocess_service", "message": "Subprocess cache cleared", "module": "subprocess_service", "function": "SubprocessService", "line": 40}
{"timestamp": "2025-12-04T09:30:00.878608Z", "level": "INFO", "logger": "app", "message": "Universal Process Framework API blueprints registered and CSRF exemptions applied where configured", "module": "__init__", "function": "create_app", "line": 440}
{"timestamp": "2025-12-04T09:30:20.142454Z", "level": "INFO", "logger": "app", "message": "Logging configured: level=INFO, logs_dir=c:\\Users\\erkar\\OneDrive\\Desktop\\MTC\\Project-root\\app\\logs, env=development", "module": "logging_config", "function": "setup_logging", "line": 143}
{"timestamp": "2025-12-04T09:30:20.146097Z", "level": "INFO", "logger": "app", "message": "Request ID middleware enabled", "module": "request_id", "function": "setup_request_id_middleware", "line": 45}
{"timestamp": "2025-12-04T09:30:20.180230Z", "level": "INFO", "logger": "app.services.subprocess_service", "message": "Subprocess cache cleared", "module": "subprocess_service", "function": "SubprocessService", "line": 40}
{"timestamp": "2025-12-04T09:30:20.507433Z", "level": "INFO", "logger": "app", "message": "Universal Process Framework API blueprints registered and CSRF exemptions applied where configured", "module": "__init__", "function": "create_app", "line": 440}
{"timestamp": "2025-12-04T09:30:20.557385Z", "level": "ERROR", "logger": "app", "message": "Database error: column \"id\" referenced in foreign key constraint does not exist\n", "module": "database", "function": "get_conn", "line": 183}
{"timestamp": "2025-12-04T09:30:42.401348Z", "level": "INFO", "logger": "app", "message": "Logging configured: level=INFO, logs_dir=c:\\Users\\erkar\\OneDrive\\Desktop\\MTC\\Project-root\\app\\logs, env=development", "module": "logging_config", "function": "setup_logging", "line": 143}
{"timestamp": "2025-12-04T09:30:42.405657Z", "level": "INFO", "logger": "app", "message": "Request ID middleware enabled", "module": "request_id", "function": "setup_request_id_middleware", "line": 45}
{"timestamp": "2025-12-04T09:30:42.444469Z", "level": "INFO", "logger": "app.services.subprocess_service", "message": "Subprocess cache cleared", "module": "subprocess_service", "function": "SubprocessService", "line": 40}
{"timestamp": "2025-12-04T09:30:42.791829Z", "level": "INFO", "logger": "app", "message": "Universal Process Framework API blueprints registered and CSRF exemptions applied where configured", "module": "__init__", "function": "create_app", "line": 440}
{"timestamp": "2025-12-04T09:30:58.526339Z", "level": "INFO", "logger": "app", "message": "Logging configured: level=INFO, logs_dir=c:\\Users\\erkar\\OneDrive\\Desktop\\MTC\\Project-root\\app\\logs, env=development", "module": "logging_config", "function": "setup_logging", "line": 143}
{"timestamp": "2025-12-04T09:30:58.529746Z", "level": "INFO", "logger": "app", "message": "Request ID middleware enabled", "module": "request_id", "function": "setup_request_id_middleware", "line": 45}
{"timestamp": "2025-12-04T09:30:58.565707Z", "level": "INFO", "logger": "app.services.subprocess_service", "message": "Subprocess cache cleared", "module": "subprocess_service", "function": "SubprocessService", "line": 40}
{"timestamp": "2025-12-04T09:30:58.920999Z", "level": "INFO", "logger": "app", "message": "Universal Process Framework API blueprints registered and CSRF exemptions applied where configured", "module": "__init__", "function": "create_app", "line": 440}
{"timestamp": "2025-12-04T09:31:26.758285Z", "level": "INFO", "logger": "app", "message": "Logging configured: level=INFO, logs_dir=c:\\Users\\erkar\\OneDrive\\Desktop\\MTC\\Project-root\\app\\logs, env=development", "module": "logging_config", "function": "setup_logging", "line": 143}
{"timestamp": "2025-12-04T09:31:26.761821Z", "level": "INFO", "logger": "app", "message": "Request ID middleware enabled", "module": "request_id", "function": "setup_request_id_middleware", "line": 45}
{"timestamp": "2025-12-04T09:31:26.794986Z", "level": "INFO", "logger": "app.services.subprocess_service", "message": "Subprocess cache cleared", "module": "subprocess_service", "function": "SubprocessService", "line": 40}
{"timestamp": "2025-12-04T09:31:27.133945Z", "level": "INFO", "logger": "app", "message": "Universal Process Framework API blueprints registered and CSRF exemptions applied where configured", "module": "__init__", "function": "create_app", "line": 440}
{"timestamp": "2025-12-04T09:31:48.371813Z", "level": "INFO", "logger": "app", "message": "Logging configured: level=INFO, logs_dir=c:\\Users\\erkar\\OneDrive\\Desktop\\MTC\\Project-root\\app\\logs, env=development", "module": "logging_config", "function": "setup_logging", "line": 143}
{"timestamp": "2025-12-04T09:31:48.375665Z", "level": "INFO", "logger": "app", "message": "Request ID middleware enabled", "module": "request_id", "function": "setup_request_id_middleware", "line": 45}
{"timestamp": "2025-12-04T09:31:48.408584Z", "level": "INFO", "logger": "app.services.subprocess_service", "message": "Subprocess cache cleared", "module": "subprocess_service", "function": "SubprocessService", "line": 40}
{"timestamp": "2025-12-04T09:31:48.735503Z", "level": "INFO", "logger": "app", "message": "Universal Process Framework API blueprints registered and CSRF exemptions applied where configured", "module": "__init__", "function": "create_app", "line": 440}
{"timestamp": "2025-12-04T09:32:38.276663Z", "level": "INFO", "logger": "app", "message": "Logging configured: level=INFO, logs_dir=c:\\Users\\erkar\\OneDrive\\Desktop\\MTC\\Project-root\\app\\logs, env=development", "module": "logging_config", "function": "setup_logging", "line": 143}
{"timestamp": "2025-12-04T09:32:38.281426Z", "level": "INFO", "logger": "app", "message": "Request ID middleware enabled", "module": "request_id", "function": "setup_request_id_middleware", "line": 45}
{"timestamp": "2025-12-04T09:32:38.366314Z", "level": "INFO", "logger": "app.services.subprocess_service", "message": "Subprocess cache cleared", "module": "subprocess_service", "function": "SubprocessService", "line": 40}
{"timestamp": "2025-12-04T09:32:38.728821Z", "level": "INFO", "logger": "app", "message": "Universal Process Framework API blueprints registered and CSRF exemptions applied where configured", "module": "__init__", "function": "create_app", "line": 440}
{"timestamp": "2025-12-04T09:32:38.757885Z", "level": "ERROR", "logger": "app", "message": "Database error: current transaction is aborted, commands ignored until end of transaction block\n", "module": "database", "function": "get_conn", "line": 183}
{"timestamp": "2025-12-04T09:32:49.624101Z", "level": "INFO", "logger": "app", "message": "Logging configured: level=INFO, logs_dir=c:\\Users\\erkar\\OneDrive\\Desktop\\MTC\\Project-root\\app\\logs, env=development", "module": "logging_config", "function": "setup_logging", "line": 143}
{"timestamp": "2025-12-04T09:32:49.628248Z", "level": "INFO", "logger": "app", "message": "Request ID middleware enabled", "module": "request_id", "function": "setup_request_id_middleware", "line": 45}
{"timestamp": "2025-12-04T09:32:49.667951Z", "level": "INFO", "logger": "app.services.subprocess_service", "message": "Subprocess cache cleared", "module": "subprocess_service", "function": "SubprocessService", "line": 40}
{"timestamp": "2025-12-04T09:32:49.972552Z", "level": "INFO", "logger": "app", "message": "Universal Process Framework API blueprints registered and CSRF exemptions applied where configured", "module": "__init__", "function": "create_app", "line": 440}
{"timestamp": "2025-12-04T09:32:49.998522Z", "level": "ERROR", "logger": "app", "message": "Database error: current transaction is aborted, commands ignored until end of transaction block\n", "module": "database", "function": "get_conn", "line": 183}
{"timestamp": "2025-12-04T09:33:16.484554Z", "level": "INFO", "logger": "app", "message": "Logging configured: level=INFO, logs_dir=c:\\Users\\erkar\\OneDrive\\Desktop\\MTC\\Project-root\\app\\logs, env=development", "module": "logging_config", "function": "setup_logging", "line": 143}
{"timestamp": "2025-12-04T09:33:16.487964Z", "level": "INFO", "logger": "app", "message": "Request ID middleware enabled", "module": "request_id", "function": "setup_request_id_middleware", "line": 45}
{"timestamp": "2025-12-04T09:33:16.522825Z", "level": "INFO", "logger": "app.services.subprocess_service", "message": "Subprocess cache cleared", "module": "subprocess_service", "function": "SubprocessService", "line": 40}
{"timestamp": "2025-12-04T09:33:16.822813Z", "level": "INFO", "logger": "app", "message": "Universal Process Framework API blueprints registered and CSRF exemptions applied where configured", "module": "__init__", "function": "create_app", "line": 440}
{"timestamp": "2025-12-04T09:33:32.952871Z", "level": "INFO", "logger": "app", "message": "Logging configured: level=INFO, logs_dir=c:\\Users\\erkar\\OneDrive\\Desktop\\MTC\\Project-root\\app\\logs, env=development", "module": "logging_config", "function": "setup_logging", "line": 143}
{"timestamp": "2025-12-04T09:33:32.961501Z", "level": "INFO", "logger": "app", "message": "Request ID middleware enabled", "module": "request_id", "function": "setup_request_id_middleware", "line": 45}
{"timestamp": "2025-12-04T09:33:33.332372Z", "level": "INFO", "logger": "app.services.subprocess_service", "message": "Subprocess cache cleared", "module": "subprocess_service", "function": "SubprocessService", "line": 40}
{"timestamp": "2025-12-04T09:33:42.132403Z", "level": "INFO", "logger": "app", "message": "Logging configured: level=INFO, logs_dir=c:\\Users\\erkar\\OneDrive\\Desktop\\MTC\\Project-root\\app\\logs, env=development", "module": "logging_config", "function": "setup_logging", "line": 143}
{"timestamp": "2025-12-04T09:33:42.136931Z", "level": "INFO", "logger": "app", "message": "Request ID middleware enabled", "module": "request_id", "function": "setup_request_id_middleware", "line": 45}
{"timestamp": "2025-12-04T09:33:42.175375Z", "level": "INFO", "logger": "app.services.subprocess_service", "message": "Subprocess cache cleared", "module": "subprocess_service", "function": "SubprocessService", "line": 40}
{"timestamp": "2025-12-04T09:33:42.465168Z", "level": "INFO", "logger": "app", "message": "Universal Process Framework API blueprints registered and CSRF exemptions applied where configured", "module": "__init__", "function": "create_app", "line": 440}
{"timestamp": "2025-12-04T09:34:20.667986Z", "level": "INFO", "logger": "app", "message": "Logging configured: level=INFO, logs_dir=c:\\Users\\erkar\\OneDrive\\Desktop\\MTC\\Project-root\\app\\logs, env=development", "module": "logging_config", "function": "setup_logging", "line": 143}
{"timestamp": "2025-12-04T09:34:20.673425Z", "level": "INFO", "logger": "app", "message": "Request ID middleware enabled", "module": "request_id", "function": "setup_request_id_middleware", "line": 45}
{"timestamp": "2025-12-04T09:34:20.898151Z", "level": "INFO", "logger": "app.services.subprocess_service", "message": "Subprocess cache cleared", "module": "subprocess_service", "function": "SubprocessService", "line": 40}
{"timestamp": "2025-12-04T09:34:50.020312Z", "level": "INFO", "logger": "app", "message": "Logging configured: level=INFO, logs_dir=c:\\Users\\erkar\\OneDrive\\Desktop\\MTC\\Project-root\\app\\logs, env=development", "module": "logging_config", "function": "setup_logging", "line": 143}
{"timestamp": "2025-12-04T09:34:50.023830Z", "level": "INFO", "logger": "app", "message": "Request ID middleware enabled", "module": "request_id", "function": "setup_request_id_middleware", "line": 45}
{"timestamp": "2025-12-04T09:34:50.056714Z", "level": "INFO", "logger": "app.services.subprocess_service", "message": "Subprocess cache cleared", "module": "subprocess_service", "function": "SubprocessService", "line": 40}
{"timestamp": "2025-12-04T09:34:50.371650Z", "level": "INFO", "logger": "app", "message": "Universal Process Framework API blueprints registered and CSRF exemptions applied where configured", "module": "__init__", "function": "create_app", "line": 440}
{"timestamp": "2025-12-04T09:36:57.716566Z", "level": "INFO", "logger": "app", "message": "Logging configured: level=INFO, logs_dir=c:\\Users\\erkar\\OneDrive\\Desktop\\MTC\\Project-root\\app\\logs, env=development", "module": "logging_config", "function": "setup_logging", "line": 143}
{"timestamp": "2025-12-04T09:36:57.729547Z", "level": "INFO", "logger": "app", "message": "Request ID middleware enabled", "module": "request_id", "function": "setup_request_id_middleware", "line": 45}
{"timestamp": "2025-12-04T09:36:58.384100Z", "level": "INFO", "logger": "app.services.subprocess_service", "message": "Subprocess cache cleared", "module": "subprocess_service", "function": "SubprocessService", "line": 40}
{"timestamp": "2025-12-04T09:46:36.712397Z", "level": "INFO", "logger": "app", "message": "Logging configured: level=INFO, logs_dir=c:\\Users\\erkar\\OneDrive\\Desktop\\MTC\\Project-root\\app\\logs, env=development", "module": "logging_config", "function": "setup_logging", "line": 143}
{"timestamp": "2025-12-04T09:46:36.722970Z", "level": "INFO", "logger": "app", "message": "Request ID middleware enabled", "module": "request_id", "function": "setup_request_id_middleware", "line": 45}
{"timestamp": "2025-12-04T09:46:37.084472Z", "level": "INFO", "logger": "app.services.subprocess_service", "message": "Subprocess cache cleared", "module": "subprocess_service", "function": "SubprocessService", "line": 40}
{"timestamp": "2025-12-04T09:46:43.381952Z", "level": "INFO", "logger": "app", "message": "Logging configured: level=INFO, logs_dir=c:\\Users\\erkar\\OneDrive\\Desktop\\MTC\\Project-root\\app\\logs, env=development", "module": "logging_config", "function": "setup_logging", "line": 143}
{"timestamp": "2025-12-04T09:46:43.388981Z", "level": "INFO", "logger": "app", "message": "Request ID middleware enabled", "module": "request_id", "function": "setup_request_id_middleware", "line": 45}
{"timestamp": "2025-12-04T09:46:43.783672Z", "level": "INFO", "logger": "app.services.subprocess_service", "message": "Subprocess cache cleared", "module": "subprocess_service", "function": "SubprocessService", "line": 40}
{"timestamp": "2025-12-04T09:46:55.264717Z", "level": "INFO", "logger": "app", "message": "Logging configured: level=INFO, logs_dir=c:\\Users\\erkar\\OneDrive\\Desktop\\MTC\\Project-root\\app\\logs, env=development", "module": "logging_config", "function": "setup_logging", "line": 143}
{"timestamp": "2025-12-04T09:46:55.276244Z", "level": "INFO", "logger": "app", "message": "Request ID middleware enabled", "module": "request_id", "function": "setup_request_id_middleware", "line": 45}
{"timestamp": "2025-12-04T09:46:55.738865Z", "level": "INFO", "logger": "app.services.subprocess_service", "message": "Subprocess cache cleared", "module": "subprocess_service", "function": "SubprocessService", "line": 40}
{"timestamp": "2025-12-04T09:47:10.837974Z", "level": "INFO", "logger": "app", "message": "Logging configured: level=INFO, logs_dir=c:\\Users\\erkar\\OneDrive\\Desktop\\MTC\\Project-root\\app\\logs, env=development", "module": "logging_config", "function": "setup_logging", "line": 143}
{"timestamp": "2025-12-04T09:47:10.845651Z", "level": "INFO", "logger": "app", "message": "Request ID middleware enabled", "module": "request_id", "function": "setup_request_id_middleware", "line": 45}
{"timestamp": "2025-12-04T09:47:11.194141Z", "level": "INFO", "logger": "app.services.subprocess_service", "message": "Subprocess cache cleared", "module": "subprocess_service", "function": "SubprocessService", "line": 40}
{"timestamp": "2025-12-04T09:47:24.850106Z", "level": "INFO", "logger": "app", "message": "Logging configured: level=INFO, logs_dir=c:\\Users\\erkar\\OneDrive\\Desktop\\MTC\\Project-root\\app\\logs, env=development", "module": "logging_config", "function": "setup_logging", "line": 143}
{"timestamp": "2025-12-04T09:47:24.857596Z", "level": "INFO", "logger": "app", "message": "Request ID middleware enabled", "module": "request_id", "function": "setup_request_id_middleware", "line": 45}
{"timestamp": "2025-12-04T09:47:25.215297Z", "level": "INFO", "logger": "app.services.subprocess_service", "message": "Subprocess cache cleared", "module": "subprocess_service", "function": "SubprocessService", "line": 40}
{"timestamp": "2025-12-04T09:47:55.750746Z", "level": "INFO", "logger": "app", "message": "Logging configured: level=INFO, logs_dir=c:\\Users\\erkar\\OneDrive\\Desktop\\MTC\\Project-root\\app\\logs, env=development", "module": "logging_config", "function": "setup_logging", "line": 143}
{"timestamp": "2025-12-04T09:47:55.764427Z", "level": "INFO", "logger": "app", "message": "Request ID middleware enabled", "module": "request_id", "function": "setup_request_id_middleware", "line": 45}
{"timestamp": "2025-12-04T09:47:56.396359Z", "level": "INFO", "logger": "app.services.subprocess_service", "message": "Subprocess cache cleared", "module": "subprocess_service", "function": "SubprocessService", "line": 40}
{"timestamp": "2025-12-04T09:48:39.971840Z", "level": "INFO", "logger": "app", "message": "Logging configured: level=INFO, logs_dir=c:\\Users\\erkar\\OneDrive\\Desktop\\MTC\\Project-root\\app\\logs, env=development", "module": "logging_config", "function": "setup_logging", "line": 143}
{"timestamp": "2025-12-04T09:48:39.984959Z", "level": "INFO", "logger": "app", "message": "Request ID middleware enabled", "module": "request_id", "function": "setup_request_id_middleware", "line": 45}
{"timestamp": "2025-12-04T09:48:40.588342Z", "level": "INFO", "logger": "app.services.subprocess_service", "message": "Subprocess cache cleared", "module": "subprocess_service", "function": "SubprocessService", "line": 40}
{"timestamp": "2025-12-04T09:49:02.678167Z", "level": "INFO", "logger": "app", "message": "Logging configured: level=INFO, logs_dir=c:\\Users\\erkar\\OneDrive\\Desktop\\MTC\\Project-root\\app\\logs, env=development", "module": "logging_config", "function": "setup_logging", "line": 143}
{"timestamp": "2025-12-04T09:49:02.685354Z", "level": "INFO", "logger": "app", "message": "Request ID middleware enabled", "module": "request_id", "function": "setup_request_id_middleware", "line": 45}
{"timestamp": "2025-12-04T09:49:03.031023Z", "level": "INFO", "logger": "app.services.subprocess_service", "message": "Subprocess cache cleared", "module": "subprocess_service", "function": "SubprocessService", "line": 40}
{"timestamp": "2025-12-04T09:49:23.598286Z", "level": "INFO", "logger": "app", "message": "Logging configured: level=INFO, logs_dir=c:\\Users\\erkar\\OneDrive\\Desktop\\MTC\\Project-root\\app\\logs, env=development", "module": "logging_config", "function": "setup_logging", "line": 143}
{"timestamp": "2025-12-04T09:49:23.607602Z", "level": "INFO", "logger": "app", "message": "Request ID middleware enabled", "module": "request_id", "function": "setup_request_id_middleware", "line": 45}
{"timestamp": "2025-12-04T09:49:24.009048Z", "level": "INFO", "logger": "app.services.subprocess_service", "message": "Subprocess cache cleared", "module": "subprocess_service", "function": "SubprocessService", "line": 40}
{"timestamp": "2025-12-04T09:49:35.660535Z", "level": "INFO", "logger": "app", "message": "Logging configured: level=INFO, logs_dir=c:\\Users\\erkar\\OneDrive\\Desktop\\MTC\\Project-root\\app\\logs, env=development", "module": "logging_config", "function": "setup_logging", "line": 143}
{"timestamp": "2025-12-04T09:49:35.666215Z", "level": "INFO", "logger": "app", "message": "Request ID middleware enabled", "module": "request_id", "function": "setup_request_id_middleware", "line": 45}
{"timestamp": "2025-12-04T09:49:35.944381Z", "level": "INFO", "logger": "app.services.subprocess_service", "message": "Subprocess cache cleared", "module": "subprocess_service", "function": "SubprocessService", "line": 40}
{"timestamp": "2025-12-04T09:51:08.541490Z", "level": "INFO", "logger": "app", "message": "Logging configured: level=INFO, logs_dir=c:\\Users\\erkar\\OneDrive\\Desktop\\MTC\\Project-root\\app\\logs, env=development", "module": "logging_config", "function": "setup_logging", "line": 143}
{"timestamp": "2025-12-04T09:51:08.549458Z", "level": "INFO", "logger": "app", "message": "Request ID middleware enabled", "module": "request_id", "function": "setup_request_id_middleware", "line": 45}
{"timestamp": "2025-12-04T09:51:08.864510Z", "level": "INFO", "logger": "app.services.subprocess_service", "message": "Subprocess cache cleared", "module": "subprocess_service", "function": "SubprocessService", "line": 40}
{"timestamp": "2025-12-04T09:54:45.179233Z", "level": "INFO", "logger": "app", "message": "Logging configured: level=INFO, logs_dir=c:\\Users\\erkar\\OneDrive\\Desktop\\MTC\\Project-root\\app\\logs, env=development", "module": "logging_config", "function": "setup_logging", "line": 143}
{"timestamp": "2025-12-04T09:54:45.185594Z", "level": "INFO", "logger": "app", "message": "Request ID middleware enabled", "module": "request_id", "function": "setup_request_id_middleware", "line": 45}
{"timestamp": "2025-12-04T09:54:45.432418Z", "level": "INFO", "logger": "app.services.subprocess_service", "message": "Subprocess cache cleared", "module": "subprocess_service", "function": "SubprocessService", "line": 40}
{"timestamp": "2025-12-04T09:59:21.282849Z", "level": "INFO", "logger": "app", "message": "Logging configured: level=INFO, logs_dir=c:\\Users\\erkar\\OneDrive\\Desktop\\MTC\\Project-root\\app\\logs, env=development", "module": "logging_config", "function": "setup_logging", "line": 143}
{"timestamp": "2025-12-04T09:59:21.290174Z", "level": "INFO", "logger": "app", "message": "Request ID middleware enabled", "module": "request_id", "function": "setup_request_id_middleware", "line": 45}
{"timestamp": "2025-12-04T09:59:21.665684Z", "level": "INFO", "logger": "app.services.subprocess_service", "message": "Subprocess cache cleared", "module": "subprocess_service", "function": "SubprocessService", "line": 40}
{"timestamp": "2025-12-04T10:02:08.527704Z", "level": "INFO", "logger": "app", "message": "Logging configured: level=INFO, logs_dir=c:\\Users\\erkar\\OneDrive\\Desktop\\MTC\\Project-root\\app\\logs, env=development", "module": "logging_config", "function": "setup_logging", "line": 143}
{"timestamp": "2025-12-04T10:02:08.533216Z", "level": "INFO", "logger": "app", "message": "Request ID middleware enabled", "module": "request_id", "function": "setup_request_id_middleware", "line": 45}
{"timestamp": "2025-12-04T10:02:08.772408Z", "level": "INFO", "logger": "app.services.subprocess_service", "message": "Subprocess cache cleared", "module": "subprocess_service", "function": "SubprocessService", "line": 40}
{"timestamp": "2025-12-04T10:02:39.949140Z", "level": "INFO", "logger": "app", "message": "Logging configured: level=INFO, logs_dir=c:\\Users\\erkar\\OneDrive\\Desktop\\MTC\\Project-root\\app\\logs, env=development", "module": "logging_config", "function": "setup_logging", "line": 143}
{"timestamp": "2025-12-04T10:02:39.957535Z", "level": "INFO", "logger": "app", "message": "Request ID middleware enabled", "module": "request_id", "function": "setup_request_id_middleware", "line": 45}
{"timestamp": "2025-12-04T10:02:40.229003Z", "level": "INFO", "logger": "app.services.subprocess_service", "message": "Subprocess cache cleared", "module": "subprocess_service", "function": "SubprocessService", "line": 40}
{"timestamp": "2025-12-04T10:03:07.174760Z", "level": "INFO", "logger": "app", "message": "Logging configured: level=INFO, logs_dir=c:\\Users\\erkar\\OneDrive\\Desktop\\MTC\\Project-root\\app\\logs, env=development", "module": "logging_config", "function": "setup_logging", "line": 143}
{"timestamp": "2025-12-04T10:03:07.181316Z", "level": "INFO", "logger": "app", "message": "Request ID middleware enabled", "module": "request_id", "function": "setup_request_id_middleware", "line": 45}
{"timestamp": "2025-12-04T10:03:07.465191Z", "level": "INFO", "logger": "app.services.subprocess_service", "message": "Subprocess cache cleared", "module": "subprocess_service", "function": "SubprocessService", "line": 40}
{"timestamp": "2025-12-04T10:03:19.899690Z", "level": "INFO", "logger": "app", "message": "Logging configured: level=INFO, logs_dir=c:\\Users\\erkar\\OneDrive\\Desktop\\MTC\\Project-root\\app\\logs, env=development", "module": "logging_config", "function": "setup_logging", "line": 143}
{"timestamp": "2025-12-04T10:03:19.906556Z", "level": "INFO", "logger": "app", "message": "Request ID middleware enabled", "module": "request_id", "function": "setup_request_id_middleware", "line": 45}
{"timestamp": "2025-12-04T10:03:20.180791Z", "level": "INFO", "logger": "app.services.subprocess_service", "message": "Subprocess cache cleared", "module": "subprocess_service", "function": "SubprocessService", "line": 40}
{"timestamp": "2025-12-04T10:07:39.419542Z", "level": "INFO", "logger": "app", "message": "Logging configured: level=INFO, logs_dir=c:\\Users\\erkar\\OneDrive\\Desktop\\MTC\\Project-root\\app\\logs, env=development", "module": "logging_config", "function": "setup_logging", "line": 143}
{"timestamp": "2025-12-04T10:07:39.427251Z", "level": "INFO", "logger": "app", "message": "Request ID middleware enabled", "module": "request_id", "function": "setup_request_id_middleware", "line": 45}
{"timestamp": "2025-12-04T10:07:39.704537Z", "level": "INFO", "logger": "app.services.subprocess_service", "message": "Subprocess cache cleared", "module": "subprocess_service", "function": "SubprocessService", "line": 40}
{"timestamp": "2025-12-04T10:19:23.892257Z", "level": "INFO", "logger": "app", "message": "Logging configured: level=INFO, logs_dir=c:\\Users\\erkar\\OneDrive\\Desktop\\MTC\\Project-root\\app\\logs, env=development", "module": "logging_config", "function": "setup_logging", "line": 143}
{"timestamp": "2025-12-04T10:19:23.899448Z", "level": "INFO", "logger": "app", "message": "Request ID middleware enabled", "module": "request_id", "function": "setup_request_id_middleware", "line": 45}
{"timestamp": "2025-12-04T10:19:24.201084Z", "level": "INFO", "logger": "app.services.subprocess_service", "message": "Subprocess cache cleared", "module": "subprocess_service", "function": "SubprocessService", "line": 40}
{"timestamp": "2025-12-04T10:20:22.366394Z", "level": "INFO", "logger": "app", "message": "Logging configured: level=INFO, logs_dir=c:\\Users\\erkar\\OneDrive\\Desktop\\MTC\\Project-root\\app\\logs, env=development", "module": "logging_config", "function": "setup_logging", "line": 143}
{"timestamp": "2025-12-04T10:20:22.379808Z", "level": "INFO", "logger": "app", "message": "Request ID middleware enabled", "module": "request_id", "function": "setup_request_id_middleware", "line": 45}
{"timestamp": "2025-12-04T10:20:22.956834Z", "level": "INFO", "logger": "app.services.subprocess_service", "message": "Subprocess cache cleared", "module": "subprocess_service", "function": "SubprocessService", "line": 40}
{"timestamp": "2025-12-04T10:21:58.634492Z", "level": "INFO", "logger": "app", "message": "Logging configured: level=INFO, logs_dir=c:\\Users\\erkar\\OneDrive\\Desktop\\MTC\\Project-root\\app\\logs, env=development", "module": "logging_config", "function": "setup_logging", "line": 143}
{"timestamp": "2025-12-04T10:21:58.640135Z", "level": "INFO", "logger": "app", "message": "Request ID middleware enabled", "module": "request_id", "function": "setup_request_id_middleware", "line": 45}
{"timestamp": "2025-12-04T10:21:58.979347Z", "level": "INFO", "logger": "app.services.subprocess_service", "message": "Subprocess cache cleared", "module": "subprocess_service", "function": "SubprocessService", "line": 40}
{"timestamp": "2025-12-04T10:23:06.104468Z", "level": "INFO", "logger": "app", "message": "Logging configured: level=INFO, logs_dir=c:\\Users\\erkar\\OneDrive\\Desktop\\MTC\\Project-root\\app\\logs, env=development", "module": "logging_config", "function": "setup_logging", "line": 143}
{"timestamp": "2025-12-04T10:23:06.111296Z", "level": "INFO", "logger": "app", "message": "Request ID middleware enabled", "module": "request_id", "function": "setup_request_id_middleware", "line": 45}
{"timestamp": "2025-12-04T10:23:06.405067Z", "level": "INFO", "logger": "app.services.subprocess_service", "message": "Subprocess cache cleared", "module": "subprocess_service", "function": "SubprocessService", "line": 40}
{"timestamp": "2025-12-04T10:25:51.450869Z", "level": "INFO", "logger": "app", "message": "Logging configured: level=INFO, logs_dir=c:\\Users\\erkar\\OneDrive\\Desktop\\MTC\\Project-root\\app\\logs, env=development", "module": "logging_config", "function": "setup_logging", "line": 143}
{"timestamp": "2025-12-04T10:25:51.460410Z", "level": "INFO", "logger": "app", "message": "Request ID middleware enabled", "module": "request_id", "function": "setup_request_id_middleware", "line": 45}
{"timestamp": "2025-12-04T10:25:51.877502Z", "level": "INFO", "logger": "app.services.subprocess_service", "message": "Subprocess cache cleared", "module": "subprocess_service", "function": "SubprocessService", "line": 40}
{"timestamp": "2025-12-04T10:28:32.602219Z", "level": "INFO", "logger": "app", "message": "Logging configured: level=INFO, logs_dir=c:\\Users\\erkar\\OneDrive\\Desktop\\MTC\\Project-root\\app\\logs, env=development", "module": "logging_config", "function": "setup_logging", "line": 143}
{"timestamp": "2025-12-04T10:28:32.608488Z", "level": "INFO", "logger": "app", "message": "Request ID middleware enabled", "module": "request_id", "function": "setup_request_id_middleware", "line": 45}
{"timestamp": "2025-12-04T10:28:32.971955Z", "level": "INFO", "logger": "app.services.subprocess_service", "message": "Subprocess cache cleared", "module": "subprocess_service", "function": "SubprocessService", "line": 40}
{"timestamp": "2025-12-04T10:29:03.557429Z", "level": "INFO", "logger": "app", "message": "Logging configured: level=INFO, logs_dir=c:\\Users\\erkar\\OneDrive\\Desktop\\MTC\\Project-root\\app\\logs, env=development", "module": "logging_config", "function": "setup_logging", "line": 143}
{"timestamp": "2025-12-04T10:29:03.565499Z", "level": "INFO", "logger": "app", "message": "Request ID middleware enabled", "module": "request_id", "function": "setup_request_id_middleware", "line": 45}
{"timestamp": "2025-12-04T10:29:03.960439Z", "level": "INFO", "logger": "app.services.subprocess_service", "message": "Subprocess cache cleared", "module": "subprocess_service", "function": "SubprocessService", "line": 40}
{"timestamp": "2025-12-04T10:31:30.858902Z", "level": "INFO", "logger": "app", "message": "Logging configured: level=INFO, logs_dir=c:\\Users\\erkar\\OneDrive\\Desktop\\MTC\\Project-root\\app\\logs, env=development", "module": "logging_config", "function": "setup_logging", "line": 143}
{"timestamp": "2025-12-04T10:31:30.864769Z", "level": "INFO", "logger": "app", "message": "Request ID middleware enabled", "module": "request_id", "function": "setup_request_id_middleware", "line": 45}
{"timestamp": "2025-12-04T10:31:31.131510Z", "level": "INFO", "logger": "app.services.subprocess_service", "message": "Subprocess cache cleared", "module": "subprocess_service", "function": "SubprocessService", "line": 40}
{"timestamp": "2025-12-04T10:33:33.481788Z", "level": "INFO", "logger": "app", "message": "Logging configured: level=INFO, logs_dir=c:\\Users\\erkar\\OneDrive\\Desktop\\MTC\\Project-root\\app\\logs, env=development", "module": "logging_config", "function": "setup_logging", "line": 143}
{"timestamp": "2025-12-04T10:33:33.488768Z", "level": "INFO", "logger": "app", "message": "Request ID middleware enabled", "module": "request_id", "function": "setup_request_id_middleware", "line": 45}
{"timestamp": "2025-12-04T10:33:33.738980Z", "level": "INFO", "logger": "app.services.subprocess_service", "message": "Subprocess cache cleared", "module": "subprocess_service", "function": "SubprocessService", "line": 40}
{"timestamp": "2025-12-04T10:33:53.137665Z", "level": "INFO", "logger": "app", "message": "Logging configured: level=INFO, logs_dir=c:\\Users\\erkar\\OneDrive\\Desktop\\MTC\\Project-root\\app\\logs, env=development", "module": "logging_config", "function": "setup_logging", "line": 143}
{"timestamp": "2025-12-04T10:33:53.145209Z", "level": "INFO", "logger": "app", "message": "Request ID middleware enabled", "module": "request_id", "function": "setup_request_id_middleware", "line": 45}
{"timestamp": "2025-12-04T10:33:53.461372Z", "level": "INFO", "logger": "app.services.subprocess_service", "message": "Subprocess cache cleared", "module": "subprocess_service", "function": "SubprocessService", "line": 40}
{"timestamp": "2025-12-04T10:38:17.202263Z", "level": "INFO", "logger": "app", "message": "Logging configured: level=INFO, logs_dir=c:\\Users\\erkar\\OneDrive\\Desktop\\MTC\\Project-root\\app\\logs, env=development", "module": "logging_config", "function": "setup_logging", "line": 143}
{"timestamp": "2025-12-04T10:38:17.211704Z", "level": "INFO", "logger": "app", "message": "Request ID middleware enabled", "module": "request_id", "function": "setup_request_id_middleware", "line": 45}
{"timestamp": "2025-12-04T10:38:17.878926Z", "level": "INFO", "logger": "app.services.subprocess_service", "message": "Subprocess cache cleared", "module": "subprocess_service", "function": "SubprocessService", "line": 40}
{"timestamp": "2025-12-04T10:38:37.424919Z", "level": "INFO", "logger": "app", "message": "Logging configured: level=INFO, logs_dir=c:\\Users\\erkar\\OneDrive\\Desktop\\MTC\\Project-root\\app\\logs, env=development", "module": "logging_config", "function": "setup_logging", "line": 143}
{"timestamp": "2025-12-04T10:38:37.431681Z", "level": "INFO", "logger": "app", "message": "Request ID middleware enabled", "module": "request_id", "function": "setup_request_id_middleware", "line": 45}
{"timestamp": "2025-12-04T10:38:37.689583Z", "level": "INFO", "logger": "app.services.subprocess_service", "message": "Subprocess cache cleared", "module": "subprocess_service", "function": "SubprocessService", "line": 40}
{"timestamp": "2025-12-04T10:40:19.703414Z", "level": "INFO", "logger": "app", "message": "Logging configured: level=INFO, logs_dir=c:\\Users\\erkar\\OneDrive\\Desktop\\MTC\\Project-root\\app\\logs, env=development", "module": "logging_config", "function": "setup_logging", "line": 143}
{"timestamp": "2025-12-04T10:40:19.712040Z", "level": "INFO", "logger": "app", "message": "Request ID middleware enabled", "module": "request_id", "function": "setup_request_id_middleware", "line": 45}
{"timestamp": "2025-12-04T10:40:20.356452Z", "level": "INFO", "logger": "app.services.subprocess_service", "message": "Subprocess cache cleared", "module": "subprocess_service", "function": "SubprocessService", "line": 40}
{"timestamp": "2025-12-04T10:42:29.782483Z", "level": "INFO", "logger": "app", "message": "Logging configured: level=INFO, logs_dir=c:\\Users\\erkar\\OneDrive\\Desktop\\MTC\\Project-root\\app\\logs, env=development", "module": "logging_config", "function": "setup_logging", "line": 143}
{"timestamp": "2025-12-04T10:42:29.788030Z", "level": "INFO", "logger": "app", "message": "Request ID middleware enabled", "module": "request_id", "function": "setup_request_id_middleware", "line": 45}
{"timestamp": "2025-12-04T10:42:30.102188Z", "level": "INFO", "logger": "app.services.subprocess_service", "message": "Subprocess cache cleared", "module": "subprocess_service", "function": "SubprocessService", "line": 40}
{"timestamp": "2025-12-04T10:43:07.666193Z", "level": "INFO", "logger": "app", "message": "Logging configured: level=INFO, logs_dir=c:\\Users\\erkar\\OneDrive\\Desktop\\MTC\\Project-root\\app\\logs, env=development", "module": "logging_config", "function": "setup_logging", "line": 143}
{"timestamp": "2025-12-04T10:43:07.673448Z", "level": "INFO", "logger": "app", "message": "Request ID middleware enabled", "module": "request_id", "function": "setup_request_id_middleware", "line": 45}
{"timestamp": "2025-12-04T10:43:07.995029Z", "level": "INFO", "logger": "app.services.subprocess_service", "message": "Subprocess cache cleared", "module": "subprocess_service", "function": "SubprocessService", "line": 40}
{"timestamp": "2025-12-04T10:48:43.303887Z", "level": "INFO", "logger": "app", "message": "Logging configured: level=INFO, logs_dir=c:\\Users\\erkar\\OneDrive\\Desktop\\MTC\\Project-root\\app\\logs, env=development", "module": "logging_config", "function": "setup_logging", "line": 143}
{"timestamp": "2025-12-04T10:48:43.321839Z", "level": "INFO", "logger": "app", "message": "Request ID middleware enabled", "module": "request_id", "function": "setup_request_id_middleware", "line": 45}
{"timestamp": "2025-12-04T10:48:43.656684Z", "level": "INFO", "logger": "app.services.subprocess_service", "message": "Subprocess cache cleared", "module": "subprocess_service", "function": "SubprocessService", "line": 40}
{"timestamp": "2025-12-04T11:08:10.325599Z", "level": "INFO", "logger": "app", "message": "Logging configured: level=INFO, logs_dir=c:\\Users\\erkar\\OneDrive\\Desktop\\MTC\\Project-root\\app\\logs, env=development", "module": "logging_config", "function": "setup_logging", "line": 143}
{"timestamp": "2025-12-04T11:08:10.334590Z", "level": "INFO", "logger": "app", "message": "Request ID middleware enabled", "module": "request_id", "function": "setup_request_id_middleware", "line": 45}
{"timestamp": "2025-12-04T11:08:10.753413Z", "level": "INFO", "logger": "app.services.subprocess_service", "message": "Subprocess cache cleared", "module": "subprocess_service", "function": "SubprocessService", "line": 40}
{"timestamp": "2025-12-04T11:28:25.618027Z", "level": "INFO", "logger": "app", "message": "Logging configured: level=INFO, logs_dir=c:\\Users\\erkar\\OneDrive\\Desktop\\MTC\\Project-root\\app\\logs, env=development", "module": "logging_config", "function": "setup_logging", "line": 143}
{"timestamp": "2025-12-04T11:28:25.626947Z", "level": "INFO", "logger": "app", "message": "Request ID middleware enabled", "module": "request_id", "function": "setup_request_id_middleware", "line": 45}
{"timestamp": "2025-12-04T11:28:25.952732Z", "level": "INFO", "logger": "app.services.subprocess_service", "message": "Subprocess cache cleared", "module": "subprocess_service", "function": "SubprocessService", "line": 40}
{"timestamp": "2025-12-04T11:28:51.942506Z", "level": "INFO", "logger": "app", "message": "Logging configured: level=INFO, logs_dir=c:\\Users\\erkar\\OneDrive\\Desktop\\MTC\\Project-root\\app\\logs, env=development", "module": "logging_config", "function": "setup_logging", "line": 143}
{"timestamp": "2025-12-04T11:28:51.947530Z", "level": "INFO", "logger": "app", "message": "Request ID middleware enabled", "module": "request_id", "function": "setup_request_id_middleware", "line": 45}
{"timestamp": "2025-12-04T11:28:52.225392Z", "level": "INFO", "logger": "app.services.subprocess_service", "message": "Subprocess cache cleared", "module": "subprocess_service", "function": "SubprocessService", "line": 40}
{"timestamp": "2025-12-04T11:29:06.450823Z", "level": "INFO", "logger": "app", "message": "Logging configured: level=INFO, logs_dir=c:\\Users\\erkar\\OneDrive\\Desktop\\MTC\\Project-root\\app\\logs, env=development", "module": "logging_config", "function": "setup_logging", "line": 143}
{"timestamp": "2025-12-04T11:29:06.456020Z", "level": "INFO", "logger": "app", "message": "Request ID middleware enabled", "module": "request_id", "function": "setup_request_id_middleware", "line": 45}
{"timestamp": "2025-12-04T11:29:06.739574Z", "level": "INFO", "logger": "app.services.subprocess_service", "message": "Subprocess cache cleared", "module": "subprocess_service", "function": "SubprocessService", "line": 40}
{"timestamp": "2025-12-04T11:40:30.503960Z", "level": "INFO", "logger": "app", "message": "Logging configured: level=INFO, logs_dir=c:\\Users\\erkar\\OneDrive\\Desktop\\MTC\\Project-root\\app\\logs, env=development", "module": "logging_config", "function": "setup_logging", "line": 143}
{"timestamp": "2025-12-04T11:40:30.516029Z", "level": "INFO", "logger": "app", "message": "Request ID middleware enabled", "module": "request_id", "function": "setup_request_id_middleware", "line": 45}
{"timestamp": "2025-12-04T11:40:30.871220Z", "level": "INFO", "logger": "app.services.subprocess_service", "message": "Subprocess cache cleared", "module": "subprocess_service", "function": "SubprocessService", "line": 40}
